2024-06-24 17:42:14,585 : INFO : Utilities.BaseClass : Searching the product
2024-06-24 17:42:14,628 : INFO : Utilities.BaseClass : iphone X
2024-06-24 17:42:14,644 : INFO : Utilities.BaseClass : Samsung Note 8
2024-06-24 17:42:14,656 : INFO : Utilities.BaseClass : Nokia Edge
2024-06-24 17:42:14,671 : INFO : Utilities.BaseClass : Blackberry
2024-06-24 17:42:14,671 : INFO : Utilities.BaseClass : Blackberry has been selected
2024-06-24 17:42:20,157 : INFO : Utilities.BaseClass : Test Pass
2024-06-24 17:43:25,404 : INFO : Utilities.BaseClass : Searching the product
2024-06-24 17:43:25,433 : INFO : Utilities.BaseClass : iphone X
2024-06-24 17:43:25,443 : INFO : Utilities.BaseClass : Samsung Note 8
2024-06-24 17:43:25,464 : INFO : Utilities.BaseClass : Nokia Edge
2024-06-24 17:43:25,479 : INFO : Utilities.BaseClass : Blackberry
2024-06-24 17:43:25,480 : INFO : Utilities.BaseClass : Blackberry has been selected
2024-06-24 17:43:30,992 : INFO : Utilities.BaseClass : Test Pass
2024-06-24 17:48:55,452 : INFO : Utilities.BaseClass : Searching the product
2024-06-24 17:48:55,493 : INFO : Utilities.BaseClass : iphone X
2024-06-24 17:48:55,509 : INFO : Utilities.BaseClass : Samsung Note 8
2024-06-24 17:48:55,524 : INFO : Utilities.BaseClass : Nokia Edge
2024-06-24 17:48:55,538 : INFO : Utilities.BaseClass : Blackberry
2024-06-24 17:48:55,538 : INFO : Utilities.BaseClass : Blackberry has been selected
2024-06-24 17:49:01,058 : INFO : Utilities.BaseClass : Test Pass
2024-06-24 17:49:52,102 : INFO : Utilities.BaseClass : Searching the product
2024-06-24 17:49:52,131 : INFO : Utilities.BaseClass : iphone X
2024-06-24 17:49:52,143 : INFO : Utilities.BaseClass : Samsung Note 8
2024-06-24 17:49:52,156 : INFO : Utilities.BaseClass : Nokia Edge
2024-06-24 17:49:52,170 : INFO : Utilities.BaseClass : Blackberry
2024-06-24 17:49:57,545 : INFO : Utilities.BaseClass : Test Pass
2024-06-24 17:50:52,377 : INFO : Utilities.BaseClass : Searching the product
2024-06-24 17:50:52,408 : INFO : Utilities.BaseClass : iphone X
2024-06-24 17:50:52,413 : INFO : Utilities.BaseClass : Samsung Note 8
2024-06-24 17:50:52,442 : INFO : Utilities.BaseClass : Nokia Edge
2024-06-24 17:50:52,456 : INFO : Utilities.BaseClass : Blackberry
2024-06-24 17:50:52,456 : INFO : Utilities.BaseClass : Blackberry has been selected
2024-06-24 17:52:06,199 : INFO : Utilities.BaseClass : Searching the product
2024-06-24 17:53:36,120 : INFO : Utilities.BaseClass : Searching the product
2024-06-24 17:54:12,104 : INFO : Utilities.BaseClass : Searching the product
2024-06-24 17:54:12,131 : INFO : Utilities.BaseClass : iphone X
2024-06-24 17:54:12,140 : INFO : Utilities.BaseClass : Samsung Note 8
2024-06-24 17:54:12,158 : INFO : Utilities.BaseClass : Nokia Edge
2024-06-24 17:54:12,172 : INFO : Utilities.BaseClass : Blackberry
2024-06-24 17:54:12,172 : INFO : Utilities.BaseClass : Blackberry has been selected
2024-06-24 17:55:08,209 : INFO : Utilities.BaseClass : Searching the product
2024-06-24 17:55:08,241 : INFO : Utilities.BaseClass : iphone X
2024-06-24 17:55:08,257 : INFO : Utilities.BaseClass : Samsung Note 8
2024-06-24 17:55:08,307 : INFO : Utilities.BaseClass : Nokia Edge
2024-06-24 17:55:08,321 : INFO : Utilities.BaseClass : Blackberry
2024-06-24 17:55:08,321 : INFO : Utilities.BaseClass : Blackberry has been selected
2024-06-24 17:55:13,836 : INFO : Utilities.BaseClass : Test Pass
2024-06-24 17:59:08,844 : INFO : Utilities.BaseClass : Searching the product
2024-06-24 17:59:08,881 : INFO : Utilities.BaseClass : iphone X
2024-06-24 17:59:08,900 : INFO : Utilities.BaseClass : Samsung Note 8
2024-06-24 17:59:08,915 : INFO : Utilities.BaseClass : Nokia Edge
2024-06-24 17:59:08,927 : INFO : Utilities.BaseClass : Blackberry
2024-06-24 17:59:08,927 : INFO : Utilities.BaseClass : Blackberry has been selected
